# JRE version: Java(TM) SE Runtime Environment (8.0_20-b26) (build 1.8.0_20-b26)
# Java VM: Java HotSpot(TM) 64-Bit Server VM (25.20-b23 mixed mode windows-amd64 compressed oops)
Heap:
 PSYoungGen      total 232960K, used 142324K [0x00000000eab00000, 0x0000000100000000, 0x0000000100000000)
  eden space 116736K, 93% used [0x00000000eab00000,0x00000000f1505e80,0x00000000f1d00000)
  from space 116224K, 29% used [0x00000000f8e80000,0x00000000faf772c0,0x0000000100000000)
  to   space 116224K, 0% used [0x00000000f1d00000,0x00000000f1d00000,0x00000000f8e80000)
 ParOldGen       total 578048K, used 529988K [0x00000000c0000000, 0x00000000e3480000, 0x00000000eab00000)
  object space 578048K, 91% used [0x00000000c0000000,0x00000000e0591130,0x00000000e3480000)
 Metaspace       used 81519K, capacity 85288K, committed 85632K, reserved 1124352K
  class space    used 10560K, capacity 11358K, committed 11392K, reserved 1048576K
GC Heap History (10 events):
Event: 253.619 GC heap before
{Heap before GC invocations=100 (full 11):
 PSYoungGen      total 232960K, used 128480K [0x00000000eab00000, 0x0000000100000000, 0x0000000100000000)
  eden space 116736K, 100% used [0x00000000eab00000,0x00000000f1d00000,0x00000000f1d00000)
  from space 116224K, 10% used [0x00000000f8e80000,0x00000000f99f8000,0x0000000100000000)
  to   space 116224K, 0% used [0x00000000f1d00000,0x00000000f1d00000,0x00000000f8e80000)
 ParOldGen       total 578048K, used 456846K [0x00000000c0000000, 0x00000000e3480000, 0x00000000eab00000)
  object space 578048K, 79% used [0x00000000c0000000,0x00000000dbe23a08,0x00000000e3480000)
 Metaspace       used 81491K, capacity 85192K, committed 85632K, reserved 1124352K
  class space    used 10558K, capacity 11326K, committed 11392K, reserved 1048576K
Event: 253.703 GC heap after
Heap after GC invocations=100 (full 11):
 PSYoungGen      total 232960K, used 11104K [0x00000000eab00000, 0x0000000100000000, 0x0000000100000000)
  eden space 116736K, 0% used [0x00000000eab00000,0x00000000eab00000,0x00000000f1d00000)
  from space 116224K, 9% used [0x00000000f1d00000,0x00000000f27d8000,0x00000000f8e80000)
  to   space 116224K, 0% used [0x00000000f8e80000,0x00000000f8e80000,0x0000000100000000)
 ParOldGen       total 578048K, used 468606K [0x00000000c0000000, 0x00000000e3480000, 0x00000000eab00000)
  object space 578048K, 81% used [0x00000000c0000000,0x00000000dc99fa08,0x00000000e3480000)
 Metaspace       used 81491K, capacity 85192K, committed 85632K, reserved 1124352K
  class space    used 10558K, capacity 11326K, committed 11392K, reserved 1048576K
}
Event: 253.866 GC heap before
{Heap before GC invocations=101 (full 11):
 PSYoungGen      total 232960K, used 127840K [0x00000000eab00000, 0x0000000100000000, 0x0000000100000000)
  eden space 116736K, 100% used [0x00000000eab00000,0x00000000f1d00000,0x00000000f1d00000)
  from space 116224K, 9% used [0x00000000f1d00000,0x00000000f27d8000,0x00000000f8e80000)
  to   space 116224K, 0% used [0x00000000f8e80000,0x00000000f8e80000,0x0000000100000000)
 ParOldGen       total 578048K, used 468606K [0x00000000c0000000, 0x00000000e3480000, 0x00000000eab00000)
  object space 578048K, 81% used [0x00000000c0000000,0x00000000dc99fa08,0x00000000e3480000)
 Metaspace       used 81491K, capacity 85192K, committed 85632K, reserved 1124352K
  class space    used 10558K, capacity 11326K, committed 11392K, reserved 1048576K
Event: 253.885 GC heap after
Heap after GC invocations=101 (full 11):
 PSYoungGen      total 232960K, used 11616K [0x00000000eab00000, 0x0000000100000000, 0x0000000100000000)
  eden space 116736K, 0% used [0x00000000eab00000,0x00000000eab00000,0x00000000f1d00000)
  from space 116224K, 9% used [0x00000000f8e80000,0x00000000f99d8000,0x0000000100000000)
  to   space 116224K, 0% used [0x00000000f1d00000,0x00000000f1d00000,0x00000000f8e80000)
 ParOldGen       total 578048K, used 479485K [0x00000000c0000000, 0x00000000e3480000, 0x00000000eab00000)
  object space 578048K, 82% used [0x00000000c0000000,0x00000000dd43f530,0x00000000e3480000)
 Metaspace       used 81491K, capacity 85192K, committed 85632K, reserved 1124352K
  class space    used 10558K, capacity 11326K, committed 11392K, reserved 1048576K
}
Event: 253.980 GC heap before
{Heap before GC invocations=102 (full 11):
 PSYoungGen      total 232960K, used 128352K [0x00000000eab00000, 0x0000000100000000, 0x0000000100000000)
  eden space 116736K, 100% used [0x00000000eab00000,0x00000000f1d00000,0x00000000f1d00000)
  from space 116224K, 9% used [0x00000000f8e80000,0x00000000f99d8000,0x0000000100000000)
  to   space 116224K, 0% used [0x00000000f1d00000,0x00000000f1d00000,0x00000000f8e80000)
 ParOldGen       total 578048K, used 479485K [0x00000000c0000000, 0x00000000e3480000, 0x00000000eab00000)
  object space 578048K, 82% used [0x00000000c0000000,0x00000000dd43f530,0x00000000e3480000)
 Metaspace       used 81491K, capacity 85192K, committed 85632K, reserved 1124352K
  class space    used 10558K, capacity 11326K, committed 11392K, reserved 1048576K
Event: 254.004 GC heap after
Heap after GC invocations=102 (full 11):
 PSYoungGen      total 232960K, used 11264K [0x00000000eab00000, 0x0000000100000000, 0x0000000100000000)
  eden space 116736K, 0% used [0x00000000eab00000,0x00000000eab00000,0x00000000f1d00000)
  from space 116224K, 9% used [0x00000000f1d00000,0x00000000f2800000,0x00000000f8e80000)
  to   space 116224K, 0% used [0x00000000f8e80000,0x00000000f8e80000,0x0000000100000000)
 ParOldGen       total 578048K, used 491083K [0x00000000c0000000, 0x00000000e3480000, 0x00000000eab00000)
  object space 578048K, 84% used [0x00000000c0000000,0x00000000ddf92c08,0x00000000e3480000)
 Metaspace       used 81491K, capacity 85192K, committed 85632K, reserved 1124352K
  class space    used 10558K, capacity 11326K, committed 11392K, reserved 1048576K
}
Event: 254.109 GC heap before
{Heap before GC invocations=103 (full 11):
 PSYoungGen      total 232960K, used 128000K [0x00000000eab00000, 0x0000000100000000, 0x0000000100000000)
  eden space 116736K, 100% used [0x00000000eab00000,0x00000000f1d00000,0x00000000f1d00000)
  from space 116224K, 9% used [0x00000000f1d00000,0x00000000f2800000,0x00000000f8e80000)
  to   space 116224K, 0% used [0x00000000f8e80000,0x00000000f8e80000,0x0000000100000000)
 ParOldGen       total 578048K, used 491083K [0x00000000c0000000, 0x00000000e3480000, 0x00000000eab00000)
  object space 578048K, 84% used [0x00000000c0000000,0x00000000ddf92c08,0x00000000e3480000)
 Metaspace       used 81492K, capacity 85192K, committed 85632K, reserved 1124352K
  class space    used 10558K, capacity 11326K, committed 11392K, reserved 1048576K
Event: 254.128 GC heap after
Heap after GC invocations=103 (full 11):
 PSYoungGen      total 232960K, used 12064K [0x00000000eab00000, 0x0000000100000000, 0x0000000100000000)
  eden space 116736K, 0% used [0x00000000eab00000,0x00000000eab00000,0x00000000f1d00000)
  from space 116224K, 10% used [0x00000000f8e80000,0x00000000f9a48000,0x0000000100000000)
  to   space 116224K, 0% used [0x00000000f1d00000,0x00000000f1d00000,0x00000000f8e80000)
 ParOldGen       total 578048K, used 502332K [0x00000000c0000000, 0x00000000e3480000, 0x00000000eab00000)
  object space 578048K, 86% used [0x00000000c0000000,0x00000000dea8f3f8,0x00000000e3480000)
 Metaspace       used 81492K, capacity 85192K, committed 85632K, reserved 1124352K
  class space    used 10558K, capacity 11326K, committed 11392K, reserved 1048576K
}
Event: 254.690 GC heap before
{Heap before GC invocations=104 (full 11):
 PSYoungGen      total 232960K, used 128800K [0x00000000eab00000, 0x0000000100000000, 0x0000000100000000)
  eden space 116736K, 100% used [0x00000000eab00000,0x00000000f1d00000,0x00000000f1d00000)
  from space 116224K, 10% used [0x00000000f8e80000,0x00000000f9a48000,0x0000000100000000)
  to   space 116224K, 0% used [0x00000000f1d00000,0x00000000f1d00000,0x00000000f8e80000)
 ParOldGen       total 578048K, used 502332K [0x00000000c0000000, 0x00000000e3480000, 0x00000000eab00000)
  object space 578048K, 86% used [0x00000000c0000000,0x00000000dea8f3f8,0x00000000e3480000)
 Metaspace       used 81500K, capacity 85224K, committed 85632K, reserved 1124352K
  class space    used 10559K, capacity 11358K, committed 11392K, reserved 1048576K
Event: 254.716 GC heap after
Heap after GC invocations=104 (full 11):
 PSYoungGen      total 232960K, used 22541K [0x00000000eab00000, 0x0000000100000000, 0x0000000100000000)
  eden space 116736K, 0% used [0x00000000eab00000,0x00000000eab00000,0x00000000f1d00000)
  from space 116224K, 19% used [0x00000000f1d00000,0x00000000f3303748,0x00000000f8e80000)
  to   space 116224K, 0% used [0x00000000f8e80000,0x00000000f8e80000,0x0000000100000000)
 ParOldGen       total 578048K, used 513337K [0x00000000c0000000, 0x00000000e3480000, 0x00000000eab00000)
  object space 578048K, 88% used [0x00000000c0000000,0x00000000df54e4f8,0x00000000e3480000)
 Metaspace       used 81500K, capacity 85224K, committed 85632K, reserved 1124352K
  class space    used 10559K, capacity 11358K, committed 11392K, reserved 1048576K
}

